c:\stemengine\math.stem\debug\math.stem.pch
c:\stemengine\math.stem\debug\vc142.pdb
c:\stemengine\math.stem\debug\vc142.idb
c:\stemengine\math.stem\debug\pch.obj
c:\stemengine\math.stem\debug\matrix.obj
c:\stemengine\math.stem\debug\math.stem.obj
c:\stemengine\math.stem\debug\dllmain.obj
c:\stemengine\debug\math.stem.dll
c:\stemengine\debug\math.stem.ilk
c:\stemengine\debug\math.stem.pdb
c:\stemengine\debug\math.stem.lib
c:\stemengine\debug\math.stem.exp
c:\stemengine\math.stem\debug\math.stem.tlog\cl.command.1.tlog
c:\stemengine\math.stem\debug\math.stem.tlog\cl.read.1.tlog
c:\stemengine\math.stem\debug\math.stem.tlog\cl.write.1.tlog
c:\stemengine\math.stem\debug\math.stem.tlog\link.7660.delete.1.tlog
c:\stemengine\math.stem\debug\math.stem.tlog\link.command.1.tlog
c:\stemengine\math.stem\debug\math.stem.tlog\link.read.1.tlog
c:\stemengine\math.stem\debug\math.stem.tlog\link.write.1.tlog
c:\stemengine\math.stem\debug\math.stem.tlog\math.stem.write.1u.tlog
